0 info it worked if it ends with ok
1 verbose cli [ '/usr/local/bin/node', '/usr/local/bin/npm', 'install' ]
2 info using npm@3.6.0
3 info using node@v5.6.0
4 silly loadCurrentTree Starting
5 silly install loadCurrentTree
6 silly install readLocalPackageData
7 silly install normalizeTree
8 silly loadCurrentTree Finishing
9 silly loadIdealTree Starting
10 silly install loadIdealTree
11 silly cloneCurrentTree Starting
12 silly install cloneCurrentTreeToIdealTree
13 silly cloneCurrentTree Finishing
14 silly loadShrinkwrap Starting
15 silly install loadShrinkwrap
16 silly loadShrinkwrap Finishing
17 silly loadAllDepsIntoIdealTree Starting
18 silly install loadAllDepsIntoIdealTree
19 silly fetchNamedPackageData bcrypt
20 silly mapToRegistry name bcrypt
21 silly mapToRegistry using default registry
22 silly mapToRegistry registry https://registry.npmjs.org/
23 silly mapToRegistry uri https://registry.npmjs.org/bcrypt
24 verbose request uri https://registry.npmjs.org/bcrypt
25 verbose request no auth needed
26 info attempt registry request try #1 at 3:13:58 AM
27 verbose request id 3e8a719837fa40f4
28 verbose etag "2ZAKRV51NJDRM10H0B1DOZ69"
29 http request GET https://registry.npmjs.org/bcrypt
30 http 304 https://registry.npmjs.org/bcrypt
31 verbose headers { date: 'Sun, 28 Feb 2016 03:13:35 GMT',
31 verbose headers   via: '1.1 varnish',
31 verbose headers   'cache-control': 'max-age=300',
31 verbose headers   etag: '"2ZAKRV51NJDRM10H0B1DOZ69"',
31 verbose headers   age: '29',
31 verbose headers   connection: 'keep-alive',
31 verbose headers   'x-served-by': 'cache-atl6231-ATL',
31 verbose headers   'x-cache': 'HIT',
31 verbose headers   'x-cache-hits': '1',
31 verbose headers   'x-timer': 'S1456629215.576356,VS0,VE0',
31 verbose headers   vary: 'Accept' }
32 silly get cb [ 304,
32 silly get   { date: 'Sun, 28 Feb 2016 03:13:35 GMT',
32 silly get     via: '1.1 varnish',
32 silly get     'cache-control': 'max-age=300',
32 silly get     etag: '"2ZAKRV51NJDRM10H0B1DOZ69"',
32 silly get     age: '29',
32 silly get     connection: 'keep-alive',
32 silly get     'x-served-by': 'cache-atl6231-ATL',
32 silly get     'x-cache': 'HIT',
32 silly get     'x-cache-hits': '1',
32 silly get     'x-timer': 'S1456629215.576356,VS0,VE0',
32 silly get     vary: 'Accept' } ]
33 verbose etag https://registry.npmjs.org/bcrypt from cache
34 verbose get saving bcrypt to /home/agaynor/.npm/registry.npmjs.org/bcrypt/.cache.json
35 verbose correctMkdir /home/agaynor/.npm correctMkdir not in flight; initializing
36 silly resolveWithNewModule bcrypt@0.8.5 checking installable status
37 silly cache add args [ 'bcrypt@latest', null ]
38 verbose cache add spec bcrypt@latest
39 silly cache add parsed spec Result {
39 silly cache add   raw: 'bcrypt@latest',
39 silly cache add   scope: null,
39 silly cache add   name: 'bcrypt',
39 silly cache add   rawSpec: 'latest',
39 silly cache add   spec: 'latest',
39 silly cache add   type: 'tag' }
40 silly addNamed bcrypt@latest
41 verbose addNamed "latest" is being treated as a dist-tag for bcrypt
42 info addNameTag [ 'bcrypt', 'latest' ]
43 silly mapToRegistry name bcrypt
44 silly mapToRegistry using default registry
45 silly mapToRegistry registry https://registry.npmjs.org/
46 silly mapToRegistry uri https://registry.npmjs.org/bcrypt
47 verbose addNameTag registry:https://registry.npmjs.org/bcrypt not in flight; fetching
48 verbose get https://registry.npmjs.org/bcrypt not expired, no request
49 silly addNameTag next cb for bcrypt with tag latest
50 silly addNamed bcrypt@0.8.5
51 verbose addNamed "0.8.5" is a plain semver version for bcrypt
52 silly cache afterAdd bcrypt@0.8.5
53 verbose afterAdd /home/agaynor/.npm/bcrypt/0.8.5/package/package.json not in flight; writing
54 verbose correctMkdir /home/agaynor/.npm correctMkdir not in flight; initializing
55 verbose afterAdd /home/agaynor/.npm/bcrypt/0.8.5/package/package.json written
56 silly fetchNamedPackageData bindings
57 silly mapToRegistry name bindings
58 silly mapToRegistry using default registry
59 silly mapToRegistry registry https://registry.npmjs.org/
60 silly mapToRegistry uri https://registry.npmjs.org/bindings
61 silly fetchNamedPackageData nan
62 silly mapToRegistry name nan
63 silly mapToRegistry using default registry
64 silly mapToRegistry registry https://registry.npmjs.org/
65 silly mapToRegistry uri https://registry.npmjs.org/nan
66 verbose request uri https://registry.npmjs.org/bindings
67 verbose request no auth needed
68 info attempt registry request try #1 at 3:13:58 AM
69 verbose etag "1LLBF9OH58DLBEL4629U6032D"
70 http request GET https://registry.npmjs.org/bindings
71 verbose request uri https://registry.npmjs.org/nan
72 verbose request no auth needed
73 info attempt registry request try #1 at 3:13:58 AM
74 verbose etag "BAVERG4EG5W3XHF012VJBMBOB"
75 http request GET https://registry.npmjs.org/nan
76 http 304 https://registry.npmjs.org/bindings
77 verbose headers { date: 'Sun, 28 Feb 2016 03:13:35 GMT',
77 verbose headers   via: '1.1 varnish',
77 verbose headers   'cache-control': 'max-age=300',
77 verbose headers   etag: '"1LLBF9OH58DLBEL4629U6032D"',
77 verbose headers   age: '270',
77 verbose headers   connection: 'keep-alive',
77 verbose headers   'x-served-by': 'cache-atl6237-ATL',
77 verbose headers   'x-cache': 'HIT',
77 verbose headers   'x-cache-hits': '3',
77 verbose headers   'x-timer': 'S1456629215.823853,VS0,VE0',
77 verbose headers   vary: 'Accept' }
78 silly get cb [ 304,
78 silly get   { date: 'Sun, 28 Feb 2016 03:13:35 GMT',
78 silly get     via: '1.1 varnish',
78 silly get     'cache-control': 'max-age=300',
78 silly get     etag: '"1LLBF9OH58DLBEL4629U6032D"',
78 silly get     age: '270',
78 silly get     connection: 'keep-alive',
78 silly get     'x-served-by': 'cache-atl6237-ATL',
78 silly get     'x-cache': 'HIT',
78 silly get     'x-cache-hits': '3',
78 silly get     'x-timer': 'S1456629215.823853,VS0,VE0',
78 silly get     vary: 'Accept' } ]
79 verbose etag https://registry.npmjs.org/bindings from cache
80 verbose get saving bindings to /home/agaynor/.npm/registry.npmjs.org/bindings/.cache.json
81 verbose correctMkdir /home/agaynor/.npm correctMkdir not in flight; initializing
82 http 304 https://registry.npmjs.org/nan
83 verbose headers { date: 'Sun, 28 Feb 2016 03:13:35 GMT',
83 verbose headers   via: '1.1 varnish',
83 verbose headers   'cache-control': 'max-age=300',
83 verbose headers   etag: '"BAVERG4EG5W3XHF012VJBMBOB"',
83 verbose headers   age: '22',
83 verbose headers   connection: 'keep-alive',
83 verbose headers   'x-served-by': 'cache-atl6232-ATL',
83 verbose headers   'x-cache': 'HIT',
83 verbose headers   'x-cache-hits': '1',
83 verbose headers   'x-timer': 'S1456629215.826735,VS0,VE0',
83 verbose headers   vary: 'Accept' }
84 silly get cb [ 304,
84 silly get   { date: 'Sun, 28 Feb 2016 03:13:35 GMT',
84 silly get     via: '1.1 varnish',
84 silly get     'cache-control': 'max-age=300',
84 silly get     etag: '"BAVERG4EG5W3XHF012VJBMBOB"',
84 silly get     age: '22',
84 silly get     connection: 'keep-alive',
84 silly get     'x-served-by': 'cache-atl6232-ATL',
84 silly get     'x-cache': 'HIT',
84 silly get     'x-cache-hits': '1',
84 silly get     'x-timer': 'S1456629215.826735,VS0,VE0',
84 silly get     vary: 'Accept' } ]
85 verbose etag https://registry.npmjs.org/nan from cache
86 verbose get saving nan to /home/agaynor/.npm/registry.npmjs.org/nan/.cache.json
87 verbose correctMkdir /home/agaynor/.npm correctMkdir not in flight; initializing
88 silly resolveWithNewModule bindings@1.2.1 checking installable status
89 silly cache add args [ 'bindings@1.2.1', null ]
90 verbose cache add spec bindings@1.2.1
91 silly cache add parsed spec Result {
91 silly cache add   raw: 'bindings@1.2.1',
91 silly cache add   scope: null,
91 silly cache add   name: 'bindings',
91 silly cache add   rawSpec: '1.2.1',
91 silly cache add   spec: '1.2.1',
91 silly cache add   type: 'version' }
92 silly addNamed bindings@1.2.1
93 verbose addNamed "1.2.1" is a plain semver version for bindings
94 silly mapToRegistry name bindings
95 silly mapToRegistry using default registry
96 silly mapToRegistry registry https://registry.npmjs.org/
97 silly mapToRegistry uri https://registry.npmjs.org/bindings
98 verbose addNameVersion registry:https://registry.npmjs.org/bindings not in flight; fetching
99 silly resolveWithNewModule nan@2.0.5 checking installable status
100 silly cache add args [ 'nan@2.0.5', null ]
101 verbose cache add spec nan@2.0.5
102 silly cache add parsed spec Result {
102 silly cache add   raw: 'nan@2.0.5',
102 silly cache add   scope: null,
102 silly cache add   name: 'nan',
102 silly cache add   rawSpec: '2.0.5',
102 silly cache add   spec: '2.0.5',
102 silly cache add   type: 'version' }
103 silly addNamed nan@2.0.5
104 verbose addNamed "2.0.5" is a plain semver version for nan
105 silly mapToRegistry name nan
106 silly mapToRegistry using default registry
107 silly mapToRegistry registry https://registry.npmjs.org/
108 silly mapToRegistry uri https://registry.npmjs.org/nan
109 verbose addNameVersion registry:https://registry.npmjs.org/nan not in flight; fetching
110 verbose get https://registry.npmjs.org/bindings not expired, no request
111 verbose get https://registry.npmjs.org/nan not expired, no request
112 silly cache afterAdd bindings@1.2.1
113 verbose afterAdd /home/agaynor/.npm/bindings/1.2.1/package/package.json not in flight; writing
114 verbose correctMkdir /home/agaynor/.npm correctMkdir not in flight; initializing
115 silly cache afterAdd nan@2.0.5
116 verbose afterAdd /home/agaynor/.npm/nan/2.0.5/package/package.json not in flight; writing
117 verbose correctMkdir /home/agaynor/.npm correctMkdir not in flight; initializing
118 verbose afterAdd /home/agaynor/.npm/bindings/1.2.1/package/package.json written
119 verbose afterAdd /home/agaynor/.npm/nan/2.0.5/package/package.json written
120 silly loadAllDepsIntoIdealTree Finishing
121 silly idealTree:prePrune mongo-server@0.0.1
121 silly idealTree:prePrune ├── amdefine@1.0.0
121 silly idealTree:prePrune ├── async@0.2.10
121 silly idealTree:prePrune ├── balanced-match@0.3.0
121 silly idealTree:prePrune ├── bcrypt-nodejs@0.0.3
121 silly idealTree:prePrune ├─┬ bcrypt@0.8.5
121 silly idealTree:prePrune │ └── nan@2.0.5
121 silly idealTree:prePrune ├── bindings@1.2.1
121 silly idealTree:prePrune ├── brace-expansion@1.1.3
121 silly idealTree:prePrune ├── bson@0.2.22
121 silly idealTree:prePrune ├── buffer-crc32@0.2.1
121 silly idealTree:prePrune ├── bytes@0.2.0
121 silly idealTree:prePrune ├── camelcase@1.2.1
121 silly idealTree:prePrune ├── character-parser@1.2.0
121 silly idealTree:prePrune ├── commander@1.2.0
121 silly idealTree:prePrune ├── concat-map@0.0.1
121 silly idealTree:prePrune ├── connect@2.8.4
121 silly idealTree:prePrune ├── constantinople@1.0.2
121 silly idealTree:prePrune ├── cookie-signature@1.0.1
121 silly idealTree:prePrune ├── cookie@0.1.0
121 silly idealTree:prePrune ├── core-util-is@1.0.2
121 silly idealTree:prePrune ├── css-parse@1.0.4
121 silly idealTree:prePrune ├── css-stringify@1.0.5
121 silly idealTree:prePrune ├── css@1.0.8
121 silly idealTree:prePrune ├── debug@2.2.0
121 silly idealTree:prePrune ├── decamelize@1.1.2
121 silly idealTree:prePrune ├── escape-string-regexp@1.0.5
121 silly idealTree:prePrune ├── express@3.3.4
121 silly idealTree:prePrune ├── formidable@1.0.14
121 silly idealTree:prePrune ├── fresh@0.1.0
121 silly idealTree:prePrune ├── inherits@2.0.1
121 silly idealTree:prePrune ├── is-promise@1.0.1
121 silly idealTree:prePrune ├── isarray@0.0.1
121 silly idealTree:prePrune ├─┬ jade@1.1.5
121 silly idealTree:prePrune │ └── commander@2.1.0
121 silly idealTree:prePrune ├─┬ kerberos@0.0.9
121 silly idealTree:prePrune │ └── nan@1.6.2
121 silly idealTree:prePrune ├── keypress@0.1.0
121 silly idealTree:prePrune ├── methods@0.0.1
121 silly idealTree:prePrune ├── mime@1.2.11
121 silly idealTree:prePrune ├── minimatch@3.0.0
121 silly idealTree:prePrune ├── mkdirp@0.3.5
121 silly idealTree:prePrune ├── mongodb@1.4.34
121 silly idealTree:prePrune ├── monocle@1.1.51
121 silly idealTree:prePrune ├── ms@0.7.1
121 silly idealTree:prePrune ├── nan@1.8.4
121 silly idealTree:prePrune ├── optimist@0.3.7
121 silly idealTree:prePrune ├── pause@0.0.1
121 silly idealTree:prePrune ├── process-nextick-args@1.0.6
121 silly idealTree:prePrune ├── promise@2.0.0
121 silly idealTree:prePrune ├── qs@0.6.5
121 silly idealTree:prePrune ├── range-parser@0.0.4
121 silly idealTree:prePrune ├── readable-stream@2.0.5
121 silly idealTree:prePrune ├── readdirp@0.2.5
121 silly idealTree:prePrune ├── send@0.1.3
121 silly idealTree:prePrune ├── source-map@0.1.34
121 silly idealTree:prePrune ├── string_decoder@0.10.31
121 silly idealTree:prePrune ├─┬ transformers@2.1.0
121 silly idealTree:prePrune │ └── uglify-js@2.2.5
121 silly idealTree:prePrune ├── uglify-js@2.4.24
121 silly idealTree:prePrune ├── uglify-to-browserify@1.0.2
121 silly idealTree:prePrune ├── uid2@0.0.2
121 silly idealTree:prePrune ├── util-deprecate@1.0.2
121 silly idealTree:prePrune ├── window-size@0.1.0
121 silly idealTree:prePrune ├─┬ with@2.0.0
121 silly idealTree:prePrune │ └── uglify-js@2.4.0
121 silly idealTree:prePrune ├── wordwrap@0.0.2
121 silly idealTree:prePrune └── yargs@3.5.4
122 silly loadIdealTree Finishing
123 silly currentTree mongo-server@0.0.1
123 silly currentTree ├── amdefine@1.0.0
123 silly currentTree ├── async@0.2.10
123 silly currentTree ├── balanced-match@0.3.0
123 silly currentTree ├── bcrypt-nodejs@0.0.3
123 silly currentTree ├── brace-expansion@1.1.3
123 silly currentTree ├── bson@0.2.22
123 silly currentTree ├── buffer-crc32@0.2.1
123 silly currentTree ├── bytes@0.2.0
123 silly currentTree ├── camelcase@1.2.1
123 silly currentTree ├── character-parser@1.2.0
123 silly currentTree ├── commander@1.2.0
123 silly currentTree ├── concat-map@0.0.1
123 silly currentTree ├── connect@2.8.4
123 silly currentTree ├── constantinople@1.0.2
123 silly currentTree ├── cookie-signature@1.0.1
123 silly currentTree ├── cookie@0.1.0
123 silly currentTree ├── core-util-is@1.0.2
123 silly currentTree ├── css-parse@1.0.4
123 silly currentTree ├── css-stringify@1.0.5
123 silly currentTree ├── css@1.0.8
123 silly currentTree ├── debug@2.2.0
123 silly currentTree ├── decamelize@1.1.2
123 silly currentTree ├── escape-string-regexp@1.0.5
123 silly currentTree ├── express@3.3.4
123 silly currentTree ├── formidable@1.0.14
123 silly currentTree ├── fresh@0.1.0
123 silly currentTree ├── inherits@2.0.1
123 silly currentTree ├── is-promise@1.0.1
123 silly currentTree ├── isarray@0.0.1
123 silly currentTree ├─┬ jade@1.1.5
123 silly currentTree │ └── commander@2.1.0
123 silly currentTree ├─┬ kerberos@0.0.9
123 silly currentTree │ └── nan@1.6.2
123 silly currentTree ├── keypress@0.1.0
123 silly currentTree ├── methods@0.0.1
123 silly currentTree ├── mime@1.2.11
123 silly currentTree ├── minimatch@3.0.0
123 silly currentTree ├── mkdirp@0.3.5
123 silly currentTree ├── mongodb@1.4.34
123 silly currentTree ├── monocle@1.1.51
123 silly currentTree ├── ms@0.7.1
123 silly currentTree ├── nan@1.8.4
123 silly currentTree ├── optimist@0.3.7
123 silly currentTree ├── pause@0.0.1
123 silly currentTree ├── process-nextick-args@1.0.6
123 silly currentTree ├── promise@2.0.0
123 silly currentTree ├── qs@0.6.5
123 silly currentTree ├── range-parser@0.0.4
123 silly currentTree ├── readable-stream@2.0.5
123 silly currentTree ├── readdirp@0.2.5
123 silly currentTree ├── send@0.1.3
123 silly currentTree ├── source-map@0.1.34
123 silly currentTree ├── string_decoder@0.10.31
123 silly currentTree ├─┬ transformers@2.1.0
123 silly currentTree │ └── uglify-js@2.2.5
123 silly currentTree ├── uglify-js@2.4.24
123 silly currentTree ├── uglify-to-browserify@1.0.2
123 silly currentTree ├── uid2@0.0.2
123 silly currentTree ├── util-deprecate@1.0.2
123 silly currentTree ├── window-size@0.1.0
123 silly currentTree ├─┬ with@2.0.0
123 silly currentTree │ └── uglify-js@2.4.0
123 silly currentTree ├── wordwrap@0.0.2
123 silly currentTree └── yargs@3.5.4
124 silly idealTree mongo-server@0.0.1
124 silly idealTree ├── amdefine@1.0.0
124 silly idealTree ├── async@0.2.10
124 silly idealTree ├── balanced-match@0.3.0
124 silly idealTree ├── bcrypt-nodejs@0.0.3
124 silly idealTree ├─┬ bcrypt@0.8.5
124 silly idealTree │ └── nan@2.0.5
124 silly idealTree ├── bindings@1.2.1
124 silly idealTree ├── brace-expansion@1.1.3
124 silly idealTree ├── bson@0.2.22
124 silly idealTree ├── buffer-crc32@0.2.1
124 silly idealTree ├── bytes@0.2.0
124 silly idealTree ├── camelcase@1.2.1
124 silly idealTree ├── character-parser@1.2.0
124 silly idealTree ├── commander@1.2.0
124 silly idealTree ├── concat-map@0.0.1
124 silly idealTree ├── connect@2.8.4
124 silly idealTree ├── constantinople@1.0.2
124 silly idealTree ├── cookie-signature@1.0.1
124 silly idealTree ├── cookie@0.1.0
124 silly idealTree ├── core-util-is@1.0.2
124 silly idealTree ├── css-parse@1.0.4
124 silly idealTree ├── css-stringify@1.0.5
124 silly idealTree ├── css@1.0.8
124 silly idealTree ├── debug@2.2.0
124 silly idealTree ├── decamelize@1.1.2
124 silly idealTree ├── escape-string-regexp@1.0.5
124 silly idealTree ├── express@3.3.4
124 silly idealTree ├── formidable@1.0.14
124 silly idealTree ├── fresh@0.1.0
124 silly idealTree ├── inherits@2.0.1
124 silly idealTree ├── is-promise@1.0.1
124 silly idealTree ├── isarray@0.0.1
124 silly idealTree ├─┬ jade@1.1.5
124 silly idealTree │ └── commander@2.1.0
124 silly idealTree ├─┬ kerberos@0.0.9
124 silly idealTree │ └── nan@1.6.2
124 silly idealTree ├── keypress@0.1.0
124 silly idealTree ├── methods@0.0.1
124 silly idealTree ├── mime@1.2.11
124 silly idealTree ├── minimatch@3.0.0
124 silly idealTree ├── mkdirp@0.3.5
124 silly idealTree ├── mongodb@1.4.34
124 silly idealTree ├── monocle@1.1.51
124 silly idealTree ├── ms@0.7.1
124 silly idealTree ├── nan@1.8.4
124 silly idealTree ├── optimist@0.3.7
124 silly idealTree ├── pause@0.0.1
124 silly idealTree ├── process-nextick-args@1.0.6
124 silly idealTree ├── promise@2.0.0
124 silly idealTree ├── qs@0.6.5
124 silly idealTree ├── range-parser@0.0.4
124 silly idealTree ├── readable-stream@2.0.5
124 silly idealTree ├── readdirp@0.2.5
124 silly idealTree ├── send@0.1.3
124 silly idealTree ├── source-map@0.1.34
124 silly idealTree ├── string_decoder@0.10.31
124 silly idealTree ├─┬ transformers@2.1.0
124 silly idealTree │ └── uglify-js@2.2.5
124 silly idealTree ├── uglify-js@2.4.24
124 silly idealTree ├── uglify-to-browserify@1.0.2
124 silly idealTree ├── uid2@0.0.2
124 silly idealTree ├── util-deprecate@1.0.2
124 silly idealTree ├── window-size@0.1.0
124 silly idealTree ├─┬ with@2.0.0
124 silly idealTree │ └── uglify-js@2.4.0
124 silly idealTree ├── wordwrap@0.0.2
124 silly idealTree └── yargs@3.5.4
125 silly generateActionsToTake Starting
126 silly install generateActionsToTake
127 silly generateActionsToTake Finishing
128 silly diffTrees action count 3
129 silly diffTrees add nan@2.0.5
130 silly diffTrees add bindings@1.2.1
131 silly diffTrees add bcrypt@0.8.5
132 silly decomposeActions action count 24
133 silly decomposeActions fetch nan@2.0.5
134 silly decomposeActions extract nan@2.0.5
135 silly decomposeActions test nan@2.0.5
136 silly decomposeActions preinstall nan@2.0.5
137 silly decomposeActions build nan@2.0.5
138 silly decomposeActions install nan@2.0.5
139 silly decomposeActions postinstall nan@2.0.5
140 silly decomposeActions finalize nan@2.0.5
141 silly decomposeActions fetch bindings@1.2.1
142 silly decomposeActions extract bindings@1.2.1
143 silly decomposeActions test bindings@1.2.1
144 silly decomposeActions preinstall bindings@1.2.1
145 silly decomposeActions build bindings@1.2.1
146 silly decomposeActions install bindings@1.2.1
147 silly decomposeActions postinstall bindings@1.2.1
148 silly decomposeActions finalize bindings@1.2.1
149 silly decomposeActions fetch bcrypt@0.8.5
150 silly decomposeActions extract bcrypt@0.8.5
151 silly decomposeActions test bcrypt@0.8.5
152 silly decomposeActions preinstall bcrypt@0.8.5
153 silly decomposeActions build bcrypt@0.8.5
154 silly decomposeActions install bcrypt@0.8.5
155 silly decomposeActions postinstall bcrypt@0.8.5
156 silly decomposeActions finalize bcrypt@0.8.5
157 silly executeActions Starting
158 silly install executeActions
159 silly doSerial global-install 0
160 silly doParallel fetch 3
161 verbose correctMkdir /home/agaynor/.npm/_locks correctMkdir not in flight; initializing
162 verbose lock using /home/agaynor/.npm/_locks/staging-85bbdd159a294cdf.lock for /home/agaynor/Node/cse437/tutorial/node_modules/.staging
163 silly doParallel extract 3
164 silly extract nan@2.0.5
165 silly extract bindings@1.2.1
166 silly extract bcrypt@0.8.5
167 verbose unbuild node_modules/.staging/nan-d056aa43
168 verbose unbuild node_modules/.staging/bindings-9def15b8
169 verbose unbuild node_modules/.staging/bcrypt-5e50dc22
170 silly gentlyRm /home/agaynor/Node/cse437/tutorial/node_modules/.staging/nan-d056aa43 is being purged from base /home/agaynor/Node/cse437/tutorial
171 verbose gentlyRm don't care about contents; nuking /home/agaynor/Node/cse437/tutorial/node_modules/.staging/nan-d056aa43
172 silly gentlyRm /home/agaynor/Node/cse437/tutorial/node_modules/.staging/bindings-9def15b8 is being purged from base /home/agaynor/Node/cse437/tutorial
173 verbose gentlyRm don't care about contents; nuking /home/agaynor/Node/cse437/tutorial/node_modules/.staging/bindings-9def15b8
174 silly gentlyRm /home/agaynor/Node/cse437/tutorial/node_modules/.staging/bcrypt-5e50dc22 is being purged from base /home/agaynor/Node/cse437/tutorial
175 verbose gentlyRm don't care about contents; nuking /home/agaynor/Node/cse437/tutorial/node_modules/.staging/bcrypt-5e50dc22
176 verbose tar unpack /home/agaynor/.npm/nan/2.0.5/package.tgz
177 verbose tar unpacking to /home/agaynor/Node/cse437/tutorial/node_modules/.staging/nan-d056aa43
178 silly gentlyRm /home/agaynor/Node/cse437/tutorial/node_modules/.staging/nan-d056aa43 is being purged
179 verbose gentlyRm don't care about contents; nuking /home/agaynor/Node/cse437/tutorial/node_modules/.staging/nan-d056aa43
180 verbose tar unpack /home/agaynor/.npm/bindings/1.2.1/package.tgz
181 verbose tar unpacking to /home/agaynor/Node/cse437/tutorial/node_modules/.staging/bindings-9def15b8
182 silly gentlyRm /home/agaynor/Node/cse437/tutorial/node_modules/.staging/bindings-9def15b8 is being purged
183 verbose gentlyRm don't care about contents; nuking /home/agaynor/Node/cse437/tutorial/node_modules/.staging/bindings-9def15b8
184 verbose tar unpack /home/agaynor/.npm/bcrypt/0.8.5/package.tgz
185 verbose tar unpacking to /home/agaynor/Node/cse437/tutorial/node_modules/.staging/bcrypt-5e50dc22
186 silly gentlyRm /home/agaynor/Node/cse437/tutorial/node_modules/.staging/bcrypt-5e50dc22 is being purged
187 verbose gentlyRm don't care about contents; nuking /home/agaynor/Node/cse437/tutorial/node_modules/.staging/bcrypt-5e50dc22
188 silly gunzTarPerm modes [ '775', '664' ]
189 silly gunzTarPerm modes [ '775', '664' ]
190 silly gunzTarPerm modes [ '775', '664' ]
191 silly gunzTarPerm extractEntry package.json
192 silly gunzTarPerm extractEntry package.json
193 silly gunzTarPerm modified mode [ 'package.json', 420, 436 ]
194 silly gunzTarPerm extractEntry package.json
195 silly gunzTarPerm modified mode [ 'package.json', 420, 436 ]
196 silly gunzTarPerm extractEntry README.md
197 silly gunzTarPerm extractEntry include_dirs.js
198 silly gunzTarPerm extractEntry README.md
199 silly gunzTarPerm modified mode [ 'README.md', 420, 436 ]
200 silly gunzTarPerm extractEntry bindings.js
201 silly gunzTarPerm modified mode [ 'bindings.js', 420, 436 ]
202 silly gunzTarPerm extractEntry .npmignore
203 silly gunzTarPerm modified mode [ '.npmignore', 420, 436 ]
204 silly gunzTarPerm extractEntry README.md
205 silly gunzTarPerm modified mode [ 'README.md', 420, 436 ]
206 silly gunzTarPerm extractEntry nan_converters.h
207 silly gunzTarPerm extractEntry LICENSE.md
208 silly gunzTarPerm extractEntry .dntrc
209 silly gunzTarPerm extractEntry LICENSE
210 silly gunzTarPerm modified mode [ 'LICENSE', 420, 436 ]
211 silly gunzTarPerm extractEntry bcrypt.js
212 silly gunzTarPerm modified mode [ 'bcrypt.js', 420, 436 ]
213 silly gunzTarPerm extractEntry appveyor.yml
214 silly gunzTarPerm extractEntry binding.gyp
215 silly gunzTarPerm modified mode [ 'binding.gyp', 420, 436 ]
216 silly gunzTarPerm extractEntry doc/new.md
217 silly gunzTarPerm extractEntry doc/.build.sh
218 silly gunzTarPerm extractEntry .travis.yml
219 silly gunzTarPerm modified mode [ '.travis.yml', 420, 436 ]
220 silly gunzTarPerm extractEntry CHANGELOG.md
221 silly gunzTarPerm modified mode [ 'CHANGELOG.md', 420, 436 ]
222 silly gunzTarPerm extractEntry doc/buffers.md
223 silly gunzTarPerm extractEntry doc/callback.md
224 silly gunzTarPerm extractEntry examples/async_compare.js
225 silly gunzTarPerm modified mode [ 'examples/async_compare.js', 420, 436 ]
226 silly gunzTarPerm extractEntry examples/forever_gen_salt.js
227 silly gunzTarPerm modified mode [ 'examples/forever_gen_salt.js', 420, 436 ]
228 silly gunzTarPerm extractEntry doc/converters.md
229 silly gunzTarPerm extractEntry doc/errors.md
230 silly gentlyRm /home/agaynor/Node/cse437/tutorial/node_modules/.staging/bindings-9def15b8/node_modules is being purged
231 verbose gentlyRm don't care about contents; nuking /home/agaynor/Node/cse437/tutorial/node_modules/.staging/bindings-9def15b8/node_modules
232 silly gunzTarPerm extractEntry test/async.js
233 silly gunzTarPerm modified mode [ 'test/async.js', 420, 436 ]
234 silly gunzTarPerm extractEntry test/repetitions.js
235 silly gunzTarPerm modified mode [ 'test/repetitions.js', 420, 436 ]
236 silly gunzTarPerm extractEntry doc/maybe_types.md
237 silly gunzTarPerm extractEntry doc/methods.md
238 silly gunzTarPerm extractEntry test/sync.js
239 silly gunzTarPerm modified mode [ 'test/sync.js', 420, 436 ]
240 silly gunzTarPerm extractEntry Makefile
241 silly gunzTarPerm modified mode [ 'Makefile', 420, 436 ]
242 silly gunzTarPerm extractEntry doc/asyncworker.md
243 silly gunzTarPerm extractEntry doc/node_misc.md
244 silly gunzTarPerm extractEntry src/bcrypt.cc
245 silly gunzTarPerm modified mode [ 'src/bcrypt.cc', 420, 436 ]
246 silly gunzTarPerm extractEntry src/bcrypt_node.cc
247 silly gunzTarPerm modified mode [ 'src/bcrypt_node.cc', 420, 436 ]
248 silly gunzTarPerm extractEntry doc/persistent.md
249 silly gunzTarPerm extractEntry doc/scopes.md
250 silly gunzTarPerm extractEntry src/blowfish.cc
251 silly gunzTarPerm modified mode [ 'src/blowfish.cc', 420, 436 ]
252 silly gunzTarPerm extractEntry src/node_blf.h
253 silly gunzTarPerm modified mode [ 'src/node_blf.h', 420, 436 ]
254 silly gunzTarPerm extractEntry doc/script.md
255 silly gunzTarPerm extractEntry doc/string_bytes.md
256 silly gunzTarPerm extractEntry werker.yml
257 silly gunzTarPerm modified mode [ 'werker.yml', 420, 436 ]
258 silly gunzTarPerm extractEntry doc/v8_internals.md
259 silly gunzTarPerm extractEntry doc/v8_misc.md
260 silly gunzTarPerm extractEntry nan.h
261 silly gunzTarPerm extractEntry nan_callbacks.h
262 silly gunzTarPerm extractEntry nan_callbacks_12_inl.h
263 silly gunzTarPerm extractEntry nan_callbacks_pre_12_inl.h
264 silly gunzTarPerm extractEntry nan_converters_43_inl.h
265 silly gunzTarPerm extractEntry nan_converters_pre_43_inl.h
266 silly gunzTarPerm extractEntry nan_implementation_12_inl.h
267 silly gunzTarPerm extractEntry nan_implementation_pre_12_inl.h
268 silly gunzTarPerm extractEntry nan_maybe_43_inl.h
269 silly gunzTarPerm extractEntry nan_maybe_pre_43_inl.h
270 silly gunzTarPerm extractEntry nan_new.h
271 silly gunzTarPerm extractEntry nan_object_wrap.h
272 silly gunzTarPerm extractEntry nan_persistent_12_inl.h
273 silly gunzTarPerm extractEntry nan_persistent_pre_12_inl.h
274 silly gunzTarPerm extractEntry nan_string_bytes.h
275 silly gunzTarPerm extractEntry nan_weak.h
276 silly gunzTarPerm extractEntry CHANGELOG.md
277 silly gunzTarPerm extractEntry tools/package.json
278 silly gunzTarPerm extractEntry tools/README.md
279 silly gunzTarPerm extractEntry tools/1to2.js
280 silly gentlyRm /home/agaynor/Node/cse437/tutorial/node_modules/.staging/bcrypt-5e50dc22/node_modules is being purged
281 verbose gentlyRm don't care about contents; nuking /home/agaynor/Node/cse437/tutorial/node_modules/.staging/bcrypt-5e50dc22/node_modules
282 silly gentlyRm /home/agaynor/Node/cse437/tutorial/node_modules/.staging/nan-d056aa43/node_modules is being purged
283 verbose gentlyRm don't care about contents; nuking /home/agaynor/Node/cse437/tutorial/node_modules/.staging/nan-d056aa43/node_modules
284 silly doParallel preinstall 3
285 silly preinstall nan@2.0.5 /home/agaynor/Node/cse437/tutorial/node_modules/.staging/nan-d056aa43
286 info lifecycle nan@2.0.5~preinstall: nan@2.0.5
287 silly preinstall bindings@1.2.1 /home/agaynor/Node/cse437/tutorial/node_modules/.staging/bindings-9def15b8
288 info lifecycle bindings@1.2.1~preinstall: bindings@1.2.1
289 silly preinstall bcrypt@0.8.5 /home/agaynor/Node/cse437/tutorial/node_modules/.staging/bcrypt-5e50dc22
290 info lifecycle bcrypt@0.8.5~preinstall: bcrypt@0.8.5
291 silly lifecycle nan@2.0.5~preinstall: no script for preinstall, continuing
292 silly lifecycle bindings@1.2.1~preinstall: no script for preinstall, continuing
293 silly lifecycle bcrypt@0.8.5~preinstall: no script for preinstall, continuing
294 silly doReverseSerial remove 0
295 silly doSerial move 0
296 silly doSerial finalize 3
297 silly finalize /home/agaynor/Node/cse437/tutorial/node_modules/bcrypt/node_modules/nan
298 silly finalize /home/agaynor/Node/cse437/tutorial/node_modules/bindings
299 silly finalize /home/agaynor/Node/cse437/tutorial/node_modules/bcrypt
300 silly doSerial build 3
301 silly build nan@2.0.5
302 info linkStuff nan@2.0.5
303 silly linkStuff nan@2.0.5 has /home/agaynor/Node/cse437/tutorial/node_modules/bcrypt/node_modules as its parent node_modules
304 verbose linkBins nan@2.0.5
305 verbose linkMans nan@2.0.5
306 silly build bindings@1.2.1
307 info linkStuff bindings@1.2.1
308 silly linkStuff bindings@1.2.1 has /home/agaynor/Node/cse437/tutorial/node_modules as its parent node_modules
309 verbose linkBins bindings@1.2.1
310 verbose linkMans bindings@1.2.1
311 silly build bcrypt@0.8.5
312 info linkStuff bcrypt@0.8.5
313 silly linkStuff bcrypt@0.8.5 has /home/agaynor/Node/cse437/tutorial/node_modules as its parent node_modules
314 verbose linkBins bcrypt@0.8.5
315 verbose linkMans bcrypt@0.8.5
316 silly doSerial global-link 0
317 silly doParallel update-linked 0
318 silly doSerial install 3
319 silly install nan@2.0.5 /home/agaynor/Node/cse437/tutorial/node_modules/.staging/nan-d056aa43
320 info lifecycle nan@2.0.5~install: nan@2.0.5
321 silly lifecycle nan@2.0.5~install: no script for install, continuing
322 silly install bindings@1.2.1 /home/agaynor/Node/cse437/tutorial/node_modules/.staging/bindings-9def15b8
323 info lifecycle bindings@1.2.1~install: bindings@1.2.1
324 silly lifecycle bindings@1.2.1~install: no script for install, continuing
325 silly install bcrypt@0.8.5 /home/agaynor/Node/cse437/tutorial/node_modules/.staging/bcrypt-5e50dc22
326 info lifecycle bcrypt@0.8.5~install: bcrypt@0.8.5
327 verbose lifecycle bcrypt@0.8.5~install: unsafe-perm in lifecycle true
328 verbose lifecycle bcrypt@0.8.5~install: PATH: /usr/local/lib/node_modules/npm/bin/node-gyp-bin:/home/agaynor/Node/cse437/tutorial/node_modules/bcrypt/node_modules/.bin:/home/agaynor/Node/cse437/tutorial/node_modules/.bin:/usr/local/sbin:/usr/local/bin:/usr/sbin:/usr/bin:/sbin:/bin:/usr/games
329 verbose lifecycle bcrypt@0.8.5~install: CWD: /home/agaynor/Node/cse437/tutorial/node_modules/bcrypt
330 silly lifecycle bcrypt@0.8.5~install: Args: [ '-c', 'node-gyp rebuild' ]
331 silly lifecycle bcrypt@0.8.5~install: Returned: code: 1  signal: null
332 info lifecycle bcrypt@0.8.5~install: Failed to exec install script
333 verbose unlock done using /home/agaynor/.npm/_locks/staging-85bbdd159a294cdf.lock for /home/agaynor/Node/cse437/tutorial/node_modules/.staging
334 silly rollbackFailedOptional Starting
335 silly rollbackFailedOptional Finishing
336 silly runTopLevelLifecycles Starting
337 silly runTopLevelLifecycles Finishing
338 silly install printInstalled
339 verbose stack Error: bcrypt@0.8.5 install: `node-gyp rebuild`
339 verbose stack Exit status 1
339 verbose stack     at EventEmitter.<anonymous> (/usr/local/lib/node_modules/npm/lib/utils/lifecycle.js:232:16)
339 verbose stack     at emitTwo (events.js:100:13)
339 verbose stack     at EventEmitter.emit (events.js:185:7)
339 verbose stack     at ChildProcess.<anonymous> (/usr/local/lib/node_modules/npm/lib/utils/spawn.js:24:14)
339 verbose stack     at emitTwo (events.js:100:13)
339 verbose stack     at ChildProcess.emit (events.js:185:7)
339 verbose stack     at maybeClose (internal/child_process.js:827:16)
339 verbose stack     at Process.ChildProcess._handle.onexit (internal/child_process.js:211:5)
340 verbose pkgid bcrypt@0.8.5
341 verbose cwd /home/agaynor/Node/cse437/tutorial
342 error Linux 3.2.0-40-virtual
343 error argv "/usr/local/bin/node" "/usr/local/bin/npm" "install"
344 error node v5.6.0
345 error npm  v3.6.0
346 error code ELIFECYCLE
347 error bcrypt@0.8.5 install: `node-gyp rebuild`
347 error Exit status 1
348 error Failed at the bcrypt@0.8.5 install script 'node-gyp rebuild'.
348 error Make sure you have the latest version of node.js and npm installed.
348 error If you do, this is most likely a problem with the bcrypt package,
348 error not with npm itself.
348 error Tell the author that this fails on your system:
348 error     node-gyp rebuild
348 error You can get information on how to open an issue for this project with:
348 error     npm bugs bcrypt
348 error Or if that isn't available, you can get their info via:
348 error     npm owner ls bcrypt
348 error There is likely additional logging output above.
349 verbose exit [ 1, true ]
